{"contracts/ens/DomainController.sol":{"l":{"24":12,"25":12,"26":12,"27":12,"36":4,"37":4,"38":4,"41":4,"42":4,"45":4,"47":4,"53":1,"54":1,"61":1,"62":1,"64":1,"69":4,"70":4},"path":"/Users/logic/eth/interestfund/contracts/ens/DomainController.sol","s":{"1":12,"2":12,"3":12,"4":12,"5":4,"6":4,"7":4,"8":4,"9":4,"10":4,"11":4,"12":1,"13":1,"14":1,"15":1,"16":1,"17":4},"b":{"1":[4,0],"2":[1,0],"3":[4,0]},"f":{"1":12,"2":4,"3":1,"4":1,"5":4},"fnMap":{"1":{"name":"constructor","line":23,"loc":{"start":{"line":23,"column":4},"end":{"line":23,"column":88}}},"2":{"name":"newSubDomain","line":35,"loc":{"start":{"line":35,"column":4},"end":{"line":35,"column":100}}},"3":{"name":"transferDomain","line":52,"loc":{"start":{"line":52,"column":4},"end":{"line":52,"column":44}}},"4":{"name":"changeAsker","line":60,"loc":{"start":{"line":60,"column":4},"end":{"line":60,"column":58}}},"5":{"name":"onlyAsker","line":68,"loc":{"start":{"line":68,"column":4},"end":{"line":68,"column":20}}}},"statementMap":{"1":{"start":{"line":24,"column":8},"end":{"line":24,"column":27}},"2":{"start":{"line":25,"column":8},"end":{"line":25,"column":21}},"3":{"start":{"line":26,"column":8},"end":{"line":26,"column":22}},"4":{"start":{"line":27,"column":8},"end":{"line":27,"column":40}},"5":{"start":{"line":36,"column":8},"end":{"line":36,"column":59}},"6":{"start":{"line":37,"column":8},"end":{"line":37,"column":69}},"7":{"start":{"line":38,"column":8},"end":{"line":38,"column":69}},"8":{"start":{"line":41,"column":8},"end":{"line":41,"column":59}},"9":{"start":{"line":42,"column":8},"end":{"line":42,"column":44}},"10":{"start":{"line":45,"column":8},"end":{"line":45,"column":40}},"11":{"start":{"line":47,"column":8},"end":{"line":47,"column":41}},"12":{"start":{"line":53,"column":8},"end":{"line":53,"column":41}},"13":{"start":{"line":54,"column":8},"end":{"line":54,"column":38}},"14":{"start":{"line":61,"column":8},"end":{"line":61,"column":65}},"15":{"start":{"line":62,"column":8},"end":{"line":62,"column":24}},"16":{"start":{"line":64,"column":8},"end":{"line":64,"column":35}},"17":{"start":{"line":69,"column":8},"end":{"line":69,"column":56}}},"branchMap":{"1":{"line":38,"type":"if","locations":[{"start":{"line":38,"column":8},"end":{"line":38,"column":8}},{"start":{"line":38,"column":8},"end":{"line":38,"column":8}}]},"2":{"line":61,"type":"if","locations":[{"start":{"line":61,"column":8},"end":{"line":61,"column":8}},{"start":{"line":61,"column":8},"end":{"line":61,"column":8}}]},"3":{"line":69,"type":"if","locations":[{"start":{"line":69,"column":8},"end":{"line":69,"column":8}},{"start":{"line":69,"column":8},"end":{"line":69,"column":8}}]}}},"contracts/ens/ENS.sol":{"l":{},"path":"/Users/logic/eth/interestfund/contracts/ens/ENS.sol","s":{},"b":{},"f":{},"fnMap":{},"statementMap":{},"branchMap":{}},"contracts/ens/ENSResolver.sol":{"l":{},"path":"/Users/logic/eth/interestfund/contracts/ens/ENSResolver.sol","s":{},"b":{},"f":{},"fnMap":{},"statementMap":{},"branchMap":{}},"contracts/Fund.sol":{"l":{"38":3,"39":3,"40":3,"41":3,"49":3,"51":3,"53":3,"54":3,"56":3,"58":0,"62":3,"63":3,"64":3,"65":3,"75":4,"77":4,"78":4,"80":4,"81":3,"82":3,"85":4,"87":4,"95":0,"97":0,"98":0,"100":0,"106":1,"107":1,"113":4,"118":2,"123":3,"126":3,"129":3,"136":4,"139":4,"143":0,"144":0},"path":"/Users/logic/eth/interestfund/contracts/Fund.sol","s":{"1":3,"2":3,"3":3,"4":3,"5":3,"6":3,"7":3,"8":3,"9":3,"10":0,"11":3,"12":3,"13":3,"14":3,"15":4,"16":4,"17":4,"18":4,"19":3,"20":3,"21":4,"22":4,"23":0,"24":0,"25":0,"26":0,"27":1,"28":1,"29":4,"30":2,"31":3,"32":3,"33":3,"34":4,"35":4,"36":0},"b":{"1":[3,0],"2":[3,0],"3":[0,3],"4":[4,0],"5":[3,1],"6":[0,0],"7":[3,0],"8":[3,0],"9":[3,0],"10":[4,0],"11":[4,0],"12":[0,0]},"f":{"1":3,"2":3,"3":4,"4":0,"5":1,"6":4,"7":2,"8":3,"9":4,"10":0},"fnMap":{"1":{"name":"constructor","line":31,"loc":{"start":{"line":31,"column":4},"end":{"line":37,"column":5}}},"2":{"name":"funding","line":47,"loc":{"start":{"line":47,"column":4},"end":{"line":47,"column":55}}},"3":{"name":"withdraw","line":73,"loc":{"start":{"line":73,"column":4},"end":{"line":73,"column":56}}},"4":{"name":"withdrawInterest","line":93,"loc":{"start":{"line":93,"column":4},"end":{"line":93,"column":76}}},"5":{"name":"accruedInterest","line":105,"loc":{"start":{"line":105,"column":4},"end":{"line":105,"column":57}}},"6":{"name":"balanceOf","line":112,"loc":{"start":{"line":112,"column":4},"end":{"line":112,"column":65}}},"7":{"name":"","line":117,"loc":{"start":{"line":117,"column":4},"end":{"line":117,"column":30}}},"8":{"name":"_openFunding","line":121,"loc":{"start":{"line":121,"column":4},"end":{"line":121,"column":66}}},"9":{"name":"_withdraw","line":133,"loc":{"start":{"line":133,"column":4},"end":{"line":133,"column":63}}},"10":{"name":"onlyManager","line":142,"loc":{"start":{"line":142,"column":4},"end":{"line":142,"column":22}}}},"statementMap":{"1":{"start":{"line":38,"column":8},"end":{"line":38,"column":66}},"2":{"start":{"line":39,"column":8},"end":{"line":39,"column":25}},"3":{"start":{"line":40,"column":8},"end":{"line":40,"column":35}},"4":{"start":{"line":41,"column":8},"end":{"line":41,"column":46}},"5":{"start":{"line":49,"column":8},"end":{"line":49,"column":52}},"6":{"start":{"line":51,"column":8},"end":{"line":51,"column":40}},"7":{"start":{"line":53,"column":8},"end":{"line":53,"column":49}},"8":{"start":{"line":54,"column":8},"end":{"line":54,"column":71}},"9":{"start":{"line":56,"column":8},"end":{"line":56,"column":1814}},"10":{"start":{"line":58,"column":12},"end":{"line":58,"column":48}},"11":{"start":{"line":62,"column":12},"end":{"line":62,"column":37}},"12":{"start":{"line":63,"column":12},"end":{"line":63,"column":45}},"13":{"start":{"line":64,"column":12},"end":{"line":64,"column":57}},"14":{"start":{"line":65,"column":12},"end":{"line":65,"column":50}},"15":{"start":{"line":75,"column":8},"end":{"line":75,"column":80}},"16":{"start":{"line":77,"column":8},"end":{"line":77,"column":49}},"17":{"start":{"line":78,"column":8},"end":{"line":78,"column":71}},"18":{"start":{"line":80,"column":8},"end":{"line":80,"column":2692}},"19":{"start":{"line":81,"column":12},"end":{"line":81,"column":38}},"20":{"start":{"line":82,"column":12},"end":{"line":82,"column":57}},"21":{"start":{"line":85,"column":8},"end":{"line":85,"column":36}},"22":{"start":{"line":87,"column":8},"end":{"line":87,"column":42}},"23":{"start":{"line":95,"column":8},"end":{"line":95,"column":62}},"24":{"start":{"line":97,"column":8},"end":{"line":97,"column":83}},"25":{"start":{"line":98,"column":8},"end":{"line":98,"column":37}},"26":{"start":{"line":100,"column":8},"end":{"line":100,"column":42}},"27":{"start":{"line":106,"column":8},"end":{"line":106,"column":75}},"28":{"start":{"line":107,"column":8},"end":{"line":107,"column":42}},"29":{"start":{"line":113,"column":8},"end":{"line":113,"column":35}},"30":{"start":{"line":118,"column":8},"end":{"line":118,"column":44}},"31":{"start":{"line":123,"column":8},"end":{"line":123,"column":95}},"32":{"start":{"line":126,"column":8},"end":{"line":126,"column":92}},"33":{"start":{"line":129,"column":8},"end":{"line":129,"column":74}},"34":{"start":{"line":136,"column":8},"end":{"line":136,"column":86}},"35":{"start":{"line":139,"column":8},"end":{"line":139,"column":82}},"36":{"start":{"line":143,"column":8},"end":{"line":143,"column":59}}},"branchMap":{"1":{"line":38,"type":"if","locations":[{"start":{"line":38,"column":8},"end":{"line":38,"column":8}},{"start":{"line":38,"column":8},"end":{"line":38,"column":8}}]},"2":{"line":49,"type":"if","locations":[{"start":{"line":49,"column":8},"end":{"line":49,"column":8}},{"start":{"line":49,"column":8},"end":{"line":49,"column":8}}]},"3":{"line":56,"type":"if","locations":[{"start":{"line":56,"column":8},"end":{"line":56,"column":8}},{"start":{"line":56,"column":8},"end":{"line":56,"column":8}}]},"4":{"line":75,"type":"if","locations":[{"start":{"line":75,"column":8},"end":{"line":75,"column":8}},{"start":{"line":75,"column":8},"end":{"line":75,"column":8}}]},"5":{"line":80,"type":"if","locations":[{"start":{"line":80,"column":8},"end":{"line":80,"column":8}},{"start":{"line":80,"column":8},"end":{"line":80,"column":8}}]},"6":{"line":97,"type":"if","locations":[{"start":{"line":97,"column":8},"end":{"line":97,"column":8}},{"start":{"line":97,"column":8},"end":{"line":97,"column":8}}]},"7":{"line":123,"type":"if","locations":[{"start":{"line":123,"column":8},"end":{"line":123,"column":8}},{"start":{"line":123,"column":8},"end":{"line":123,"column":8}}]},"8":{"line":126,"type":"if","locations":[{"start":{"line":126,"column":8},"end":{"line":126,"column":8}},{"start":{"line":126,"column":8},"end":{"line":126,"column":8}}]},"9":{"line":129,"type":"if","locations":[{"start":{"line":129,"column":8},"end":{"line":129,"column":8}},{"start":{"line":129,"column":8},"end":{"line":129,"column":8}}]},"10":{"line":136,"type":"if","locations":[{"start":{"line":136,"column":8},"end":{"line":136,"column":8}},{"start":{"line":136,"column":8},"end":{"line":136,"column":8}}]},"11":{"line":139,"type":"if","locations":[{"start":{"line":139,"column":8},"end":{"line":139,"column":8}},{"start":{"line":139,"column":8},"end":{"line":139,"column":8}}]},"12":{"line":143,"type":"if","locations":[{"start":{"line":143,"column":8},"end":{"line":143,"column":8}},{"start":{"line":143,"column":8},"end":{"line":143,"column":8}}]}}},"contracts/FundFactory.sol":{"l":{"30":9,"31":9,"33":9,"34":9,"42":3,"43":3,"44":3,"47":3,"48":3,"55":8,"57":8,"58":8,"65":1,"67":1,"68":1,"75":1,"77":1,"78":1},"path":"/Users/logic/eth/interestfund/contracts/FundFactory.sol","s":{"1":9,"2":9,"3":9,"4":9,"5":3,"6":3,"7":3,"8":3,"9":3,"10":8,"11":8,"12":8,"13":1,"14":1,"15":1,"16":1,"17":1,"18":1},"b":{"1":[9,0],"2":[9,0],"3":[8,0],"4":[1,0],"5":[1,0]},"f":{"1":9,"2":3,"3":8,"4":1,"5":1},"fnMap":{"1":{"name":"constructor","line":29,"loc":{"start":{"line":29,"column":4},"end":{"line":29,"column":63}}},"2":{"name":"newFunding","line":41,"loc":{"start":{"line":41,"column":4},"end":{"line":41,"column":48}}},"3":{"name":"setDomainController","line":54,"loc":{"start":{"line":54,"column":4},"end":{"line":54,"column":68}}},"4":{"name":"setDAIToken","line":64,"loc":{"start":{"line":64,"column":4},"end":{"line":64,"column":61}}},"5":{"name":"setCompoundToken","line":74,"loc":{"start":{"line":74,"column":4},"end":{"line":74,"column":71}}}},"statementMap":{"1":{"start":{"line":30,"column":8},"end":{"line":30,"column":69}},"2":{"start":{"line":31,"column":8},"end":{"line":31,"column":77}},"3":{"start":{"line":33,"column":8},"end":{"line":33,"column":27}},"4":{"start":{"line":34,"column":8},"end":{"line":34,"column":37}},"5":{"start":{"line":42,"column":8},"end":{"line":42,"column":66}},"6":{"start":{"line":43,"column":8},"end":{"line":43,"column":33}},"7":{"start":{"line":44,"column":8},"end":{"line":44,"column":36}},"8":{"start":{"line":47,"column":8},"end":{"line":47,"column":64}},"9":{"start":{"line":48,"column":8},"end":{"line":48,"column":51}},"10":{"start":{"line":55,"column":8},"end":{"line":55,"column":70}},"11":{"start":{"line":57,"column":8},"end":{"line":57,"column":69}},"12":{"start":{"line":58,"column":8},"end":{"line":58,"column":50}},"13":{"start":{"line":65,"column":8},"end":{"line":65,"column":72}},"14":{"start":{"line":67,"column":8},"end":{"line":67,"column":51}},"15":{"start":{"line":68,"column":8},"end":{"line":68,"column":30}},"16":{"start":{"line":75,"column":8},"end":{"line":75,"column":80}},"17":{"start":{"line":77,"column":8},"end":{"line":77,"column":66}},"18":{"start":{"line":78,"column":8},"end":{"line":78,"column":40}}},"branchMap":{"1":{"line":30,"type":"if","locations":[{"start":{"line":30,"column":8},"end":{"line":30,"column":8}},{"start":{"line":30,"column":8},"end":{"line":30,"column":8}}]},"2":{"line":31,"type":"if","locations":[{"start":{"line":31,"column":8},"end":{"line":31,"column":8}},{"start":{"line":31,"column":8},"end":{"line":31,"column":8}}]},"3":{"line":55,"type":"if","locations":[{"start":{"line":55,"column":8},"end":{"line":55,"column":8}},{"start":{"line":55,"column":8},"end":{"line":55,"column":8}}]},"4":{"line":65,"type":"if","locations":[{"start":{"line":65,"column":8},"end":{"line":65,"column":8}},{"start":{"line":65,"column":8},"end":{"line":65,"column":8}}]},"5":{"line":75,"type":"if","locations":[{"start":{"line":75,"column":8},"end":{"line":75,"column":8}},{"start":{"line":75,"column":8},"end":{"line":75,"column":8}}]}}},"contracts/utils/Ownable.sol":{"l":{"14":24,"21":2,"22":2,"23":2,"28":1,"29":1,"30":1,"31":1,"35":14,"36":14},"path":"/Users/logic/eth/interestfund/contracts/utils/Ownable.sol","s":{"1":24,"2":2,"3":2,"4":2,"5":1,"6":1,"7":1,"8":14},"b":{"1":[2,0],"2":[1,0],"3":[14,0]},"f":{"1":24,"2":2,"3":1,"4":14},"fnMap":{"1":{"name":"constructor","line":13,"loc":{"start":{"line":13,"column":4},"end":{"line":13,"column":24}}},"2":{"name":"changeOwner","line":20,"loc":{"start":{"line":20,"column":4},"end":{"line":20,"column":58}}},"3":{"name":"acceptOwnership","line":27,"loc":{"start":{"line":27,"column":4},"end":{"line":27,"column":35}}},"4":{"name":"onlyOwner","line":34,"loc":{"start":{"line":34,"column":4},"end":{"line":34,"column":20}}}},"statementMap":{"1":{"start":{"line":14,"column":8},"end":{"line":14,"column":25}},"2":{"start":{"line":21,"column":8},"end":{"line":21,"column":68}},"3":{"start":{"line":22,"column":8},"end":{"line":22,"column":28}},"4":{"start":{"line":23,"column":8},"end":{"line":23,"column":40}},"5":{"start":{"line":28,"column":8},"end":{"line":28,"column":61}},"6":{"start":{"line":29,"column":8},"end":{"line":29,"column":24}},"7":{"start":{"line":31,"column":8},"end":{"line":31,"column":34}},"8":{"start":{"line":35,"column":8},"end":{"line":35,"column":48}}},"branchMap":{"1":{"line":21,"type":"if","locations":[{"start":{"line":21,"column":8},"end":{"line":21,"column":8}},{"start":{"line":21,"column":8},"end":{"line":21,"column":8}}]},"2":{"line":28,"type":"if","locations":[{"start":{"line":28,"column":8},"end":{"line":28,"column":8}},{"start":{"line":28,"column":8},"end":{"line":28,"column":8}}]},"3":{"line":35,"type":"if","locations":[{"start":{"line":35,"column":8},"end":{"line":35,"column":8}},{"start":{"line":35,"column":8},"end":{"line":35,"column":8}}]}}},"contracts/utils/ReentrancyGuard.sol":{"l":{"16":3,"27":7,"28":7,"29":7,"30":7},"path":"/Users/logic/eth/interestfund/contracts/utils/ReentrancyGuard.sol","s":{"1":3,"2":7,"3":7,"4":7},"b":{"1":[7,0]},"f":{"1":3,"2":7},"fnMap":{"1":{"name":"constructor","line":13,"loc":{"start":{"line":13,"column":4},"end":{"line":13,"column":25}}},"2":{"name":"nonReentrant","line":26,"loc":{"start":{"line":26,"column":4},"end":{"line":26,"column":25}}}},"statementMap":{"1":{"start":{"line":16,"column":8},"end":{"line":16,"column":24}},"2":{"start":{"line":27,"column":8},"end":{"line":27,"column":25}},"3":{"start":{"line":28,"column":8},"end":{"line":28,"column":44}},"4":{"start":{"line":30,"column":8},"end":{"line":30,"column":59}}},"branchMap":{"1":{"line":30,"type":"if","locations":[{"start":{"line":30,"column":8},"end":{"line":30,"column":8}},{"start":{"line":30,"column":8},"end":{"line":30,"column":8}}]}}}}